Apr 25 15:09:39 Installed: kernel-3.10.0-957.10.1.el7.x86_64
Apr 25 15:21:48 Installed: 1:perl-Error-0.17020-2.el7.noarch
Apr 25 15:21:48 Installed: perl-TermReadKey-2.30-20.el7.x86_64
Apr 25 15:21:51 Installed: git-1.8.3.1-20.el7.x86_64
Apr 25 15:21:51 Installed: perl-Git-1.8.3.1-20.el7.noarch
Apr 25 15:49:58 Installed: SDL-1.2.15-14.el7.x86_64
Apr 25 15:50:45 Installed: VirtualBox-6.0-6.0.6_130049_el7-1.x86_64
Apr 25 15:54:30 Installed: 1:vagrant-2.2.4-1.x86_64
Apr 26 10:30:22 Installed: apr-1.4.8-3.el7_4.1.x86_64
Apr 26 10:30:23 Installed: libquadmath-4.8.5-36.el7_6.1.x86_64
Apr 26 10:30:23 Installed: m4-1.4.16-10.el7.x86_64
Apr 26 10:30:24 Installed: apr-util-1.5.2-6.el7.x86_64
Apr 26 10:30:24 Installed: patch-2.7.1-10.el7_5.x86_64
Apr 26 10:30:25 Installed: perl-Thread-Queue-3.02-2.el7.noarch
Apr 26 10:30:25 Installed: subversion-libs-1.7.14-14.el7.x86_64
Apr 26 10:30:26 Installed: libgfortran-4.8.5-36.el7_6.1.x86_64
Apr 26 10:30:26 Installed: perl-srpm-macros-1-8.el7.noarch
Apr 26 10:30:27 Installed: dwz-0.11-3.el7.x86_64
Apr 26 10:30:27 Installed: redhat-rpm-config-9.1.0-87.el7.centos.noarch
Apr 26 10:30:28 Installed: perl-XML-Parser-2.41-10.el7.x86_64
Apr 26 10:30:28 Installed: perl-Data-Dumper-2.145-3.el7.x86_64
Apr 26 10:30:29 Installed: autoconf-2.69-11.el7.noarch
Apr 26 10:31:12 Installed: kernel-debug-devel-3.10.0-957.10.1.el7.x86_64
Apr 26 10:31:13 Installed: gettext-common-devel-0.19.8.1-2.el7.noarch
Apr 26 10:31:14 Installed: gettext-devel-0.19.8.1-2.el7.x86_64
Apr 26 10:31:16 Installed: kernel-headers-3.10.0-957.10.1.el7.x86_64
Apr 26 10:31:18 Installed: glibc-headers-2.17-260.el7_6.4.x86_64
Apr 26 10:31:19 Installed: glibc-devel-2.17-260.el7_6.4.x86_64
Apr 26 10:31:23 Installed: systemtap-client-3.3-3.el7.x86_64
Apr 26 10:31:23 Installed: perl-Test-Harness-3.28-3.el7.noarch
Apr 26 10:31:24 Installed: automake-1.13.4-3.el7.noarch
Apr 26 10:31:26 Installed: cpp-4.8.5-36.el7_6.1.x86_64
Apr 26 10:31:29 Installed: gcc-4.8.5-36.el7_6.1.x86_64
Apr 26 10:31:29 Installed: libquadmath-devel-4.8.5-36.el7_6.1.x86_64
Apr 26 10:31:30 Installed: systemtap-devel-3.3-3.el7.x86_64
Apr 26 10:31:32 Installed: libstdc++-devel-4.8.5-36.el7_6.1.x86_64
Apr 26 10:31:34 Installed: gcc-c++-4.8.5-36.el7_6.1.x86_64
Apr 26 10:31:34 Installed: systemtap-3.3-3.el7.x86_64
Apr 26 10:31:36 Installed: gcc-gfortran-4.8.5-36.el7_6.1.x86_64
Apr 26 10:31:36 Installed: libtool-2.4.2-22.el7_3.x86_64
Apr 26 10:31:37 Installed: intltool-0.50.2-7.el7.noarch
Apr 26 10:31:37 Installed: rpm-build-4.11.3-35.el7.x86_64
Apr 26 10:31:38 Installed: subversion-1.7.14-14.el7.x86_64
Apr 26 10:31:39 Installed: flex-2.5.37-6.el7.x86_64
Apr 26 10:31:40 Installed: bison-3.0.4-2.el7.x86_64
Apr 26 10:31:40 Installed: diffstat-1.57-4.el7.x86_64
Apr 26 10:31:41 Installed: cscope-15.8-10.el7.x86_64
Apr 26 10:31:41 Installed: patchutils-0.3.3-4.el7.x86_64
Apr 26 10:31:42 Installed: indent-2.2.11-13.el7.x86_64
Apr 26 10:31:42 Installed: rpm-sign-4.11.3-35.el7.x86_64
Apr 26 10:31:44 Installed: swig-2.0.10-5.el7.x86_64
Apr 26 10:31:44 Installed: rcs-5.9.0-5.el7.x86_64
Apr 26 10:31:48 Installed: 1:doxygen-1.8.5-3.el7.x86_64
Apr 26 10:31:49 Installed: byacc-1.9.20130304-3.el7.x86_64
Apr 26 10:31:49 Installed: ctags-5.8-13.el7.x86_64
Apr 26 10:35:15 Installed: 1:mc-4.8.7-11.el7.x86_64
Apr 26 15:32:59 Installed: qt-settings-19-23.8.el7.centos.noarch
Apr 26 15:33:01 Installed: 1:qt-4.8.7-2.el7.x86_64
Apr 26 15:33:44 Installed: kernel-devel-3.10.0-957.10.1.el7.x86_64
Apr 26 15:41:22 Installed: VirtualBox-6.0-6.0.6_130049_el7-1.x86_64
Apr 26 15:44:49 Installed: kernel-devel-3.10.0-957.el7.x86_64
Apr 29 12:08:13 Installed: ncurses-devel-5.9-14.20130511.el7_4.x86_64
Apr 29 12:13:49 Installed: libcom_err-devel-1.42.9-13.el7.x86_64
Apr 29 12:13:49 Installed: libsepol-devel-2.5-10.el7.x86_64
Apr 29 12:13:50 Installed: pcre-devel-8.32-17.el7.x86_64
Apr 29 12:13:51 Installed: libselinux-devel-2.5-14.1.el7.x86_64
Apr 29 12:13:51 Installed: zlib-devel-1.2.7-18.el7.x86_64
Apr 29 12:13:52 Installed: libverto-devel-0.2.5-4.el7.x86_64
Apr 29 12:13:52 Installed: keyutils-libs-devel-1.5.8-3.el7.x86_64
Apr 29 12:13:53 Installed: krb5-devel-1.15.1-37.el7_6.x86_64
Apr 29 12:13:55 Installed: 1:openssl-devel-1.0.2k-16.el7_6.1.x86_64
Apr 29 12:15:12 Installed: elfutils-libelf-devel-0.172-2.el7.x86_64
